  Game.cpp
C:\Users\14102\USTB\41\cpg\shoot\Game.cpp(58,16): warning C4244: 'initializing': conversion from 'T' to 'float', possible loss of data
C:\Users\14102\USTB\41\cpg\shoot\Game.cpp(58,16): warning C4244:         with
C:\Users\14102\USTB\41\cpg\shoot\Game.cpp(58,16): warning C4244:         [
C:\Users\14102\USTB\41\cpg\shoot\Game.cpp(58,16): warning C4244:             T=unsigned int
C:\Users\14102\USTB\41\cpg\shoot\Game.cpp(58,16): warning C4244:         ]
C:\Users\14102\USTB\41\cpg\shoot\Game.cpp(59,16): warning C4244: 'initializing': conversion from 'T' to 'float', possible loss of data
C:\Users\14102\USTB\41\cpg\shoot\Game.cpp(59,16): warning C4244:         with
C:\Users\14102\USTB\41\cpg\shoot\Game.cpp(59,16): warning C4244:         [
C:\Users\14102\USTB\41\cpg\shoot\Game.cpp(59,16): warning C4244:             T=unsigned int
C:\Users\14102\USTB\41\cpg\shoot\Game.cpp(59,16): warning C4244:         ]
C:\Users\14102\USTB\41\cpg\shoot\Game.cpp(74,14): warning C4244: 'initializing': conversion from 'T' to 'float', possible loss of data
C:\Users\14102\USTB\41\cpg\shoot\Game.cpp(74,14): warning C4244:         with
C:\Users\14102\USTB\41\cpg\shoot\Game.cpp(74,14): warning C4244:         [
C:\Users\14102\USTB\41\cpg\shoot\Game.cpp(74,14): warning C4244:             T=unsigned int
C:\Users\14102\USTB\41\cpg\shoot\Game.cpp(74,14): warning C4244:         ]
C:\Users\14102\USTB\41\cpg\shoot\Game.cpp(75,14): warning C4244: 'initializing': conversion from 'T' to 'float', possible loss of data
C:\Users\14102\USTB\41\cpg\shoot\Game.cpp(75,14): warning C4244:         with
C:\Users\14102\USTB\41\cpg\shoot\Game.cpp(75,14): warning C4244:         [
C:\Users\14102\USTB\41\cpg\shoot\Game.cpp(75,14): warning C4244:             T=unsigned int
C:\Users\14102\USTB\41\cpg\shoot\Game.cpp(75,14): warning C4244:         ]
C:\Users\14102\USTB\41\cpg\shoot\Game.cpp(209,81): warning C4244: 'argument': conversion from 'int' to 'float', possible loss of data
C:\Users\14102\USTB\41\cpg\shoot\Game.cpp(209,61): warning C4244: 'argument': conversion from 'int' to 'float', possible loss of data
C:\Program Files\Microsoft Visual Studio\2022\Community\VC\Tools\MSVC\14.38.33130\include\xutility(255,82): warning C4244: 'argument': conversion from '_Ty' to 'float', possible loss of data
C:\Program Files\Microsoft Visual Studio\2022\Community\VC\Tools\MSVC\14.38.33130\include\xutility(255,82): warning C4244:         with
C:\Program Files\Microsoft Visual Studio\2022\Community\VC\Tools\MSVC\14.38.33130\include\xutility(255,82): warning C4244:         [
C:\Program Files\Microsoft Visual Studio\2022\Community\VC\Tools\MSVC\14.38.33130\include\xutility(255,82): warning C4244:             _Ty=int
C:\Program Files\Microsoft Visual Studio\2022\Community\VC\Tools\MSVC\14.38.33130\include\xutility(255,82): warning C4244:         ]
  sfmlProj.vcxproj -> C:\Users\14102\USTB\41\cpg\sfmlProj\x64\Debug\sfmlProj.exe
